\BOOKMARK [0][-]{chapter*.1}{Abstract}{}% 1
\BOOKMARK [0][-]{chapter*.3}{Acknowledgements}{}% 2
\BOOKMARK [0][-]{chapter*.4}{Contents}{}% 3
\BOOKMARK [0][-]{chapter*.5}{List\040of\040Tables}{}% 4
\BOOKMARK [0][-]{chapter*.6}{List\040of\040Figures}{}% 5
\BOOKMARK [0][-]{chapter*.7}{List\040of\040Listings}{}% 6
\BOOKMARK [0][-]{chapter*.8}{List\040of\040Algorithms}{}% 7
\BOOKMARK [0][-]{chapter.1}{1.\040Introduction}{}% 8
\BOOKMARK [1][-]{section.1.1}{1.1\040Testing\040and\040Verification\040of\040Concurrent\040Programs}{chapter.1}% 9
\BOOKMARK [1][-]{section.1.2}{1.2\040Aim\040of\040this\040Thesis}{chapter.1}% 10
\BOOKMARK [1][-]{section.1.3}{1.3\040Overview}{chapter.1}% 11
\BOOKMARK [0][-]{chapter.2}{2.\040Background}{}% 12
\BOOKMARK [1][-]{section.2.1}{2.1\040Concurrent\040Programming}{chapter.2}% 13
\BOOKMARK [1][-]{section.2.2}{2.2\040Concurrency\040Errors}{chapter.2}% 14
\BOOKMARK [1][-]{section.2.3}{2.3\040Testing,\040Model\040Checking,\040and\040Verification}{chapter.2}% 15
\BOOKMARK [1][-]{section.2.4}{2.4\040Stateless\040Model\040Checking\040and\040Partial\040Order\040Reduction}{chapter.2}% 16
\BOOKMARK [1][-]{section.2.5}{2.5\040Vector\040Clocks}{chapter.2}% 17
\BOOKMARK [1][-]{section.2.6}{2.6\040Notation}{chapter.2}% 18
\BOOKMARK [1][-]{section.2.7}{2.7\040Event\040Dependencies}{chapter.2}% 19
\BOOKMARK [1][-]{section.2.8}{2.8\040Independence\040and\040Races}{chapter.2}% 20
\BOOKMARK [1][-]{section.2.9}{2.9\040Dynamic\040Partial\040Order\040Reduction}{chapter.2}% 21
\BOOKMARK [1][-]{section.2.10}{2.10\040Persistent\040Sets}{chapter.2}% 22
\BOOKMARK [1][-]{section.2.11}{2.11\040Source\040Sets}{chapter.2}% 23
\BOOKMARK [1][-]{section.2.12}{2.12\040Sleep\040Sets}{chapter.2}% 24
\BOOKMARK [1][-]{section.2.13}{2.13\040Comparing\040Persistent\040Sets\040with\040Source\040Sets}{chapter.2}% 25
\BOOKMARK [1][-]{section.2.14}{2.14\040Bounded\040Search\040and\040Preemption\040Bounding}{chapter.2}% 26
\BOOKMARK [1][-]{section.2.15}{2.15\040Preemption\040Bounded\040Persistent\040Sets}{chapter.2}% 27
\BOOKMARK [0][-]{chapter.3}{3.\040Unbounded\040DPOR}{}% 28
\BOOKMARK [1][-]{section.3.1}{3.1\040Source-DPOR}{chapter.3}% 29
\BOOKMARK [1][-]{section.3.2}{3.2\040Classic-DPOR}{chapter.3}% 30
\BOOKMARK [1][-]{section.3.3}{3.3\040Comparison\040of\040Classic-DPOR\040and\040Source-DPOR}{chapter.3}% 31
\BOOKMARK [1][-]{section.3.4}{3.4\040Combining\040Classic-DPOR\040and\040Source-DPOR}{chapter.3}% 32
\BOOKMARK [0][-]{chapter.4}{4.\040Bounding\040Techniques\040for\040DPOR}{}% 33
\BOOKMARK [1][-]{section.4.1}{4.1\040Naive-BPOR}{chapter.4}% 34
\BOOKMARK [1][-]{section.4.2}{4.2\040BPOR}{chapter.4}% 35
\BOOKMARK [1][-]{section.4.3}{4.3\040Nidhugg-BPOR}{chapter.4}% 36
\BOOKMARK [1][-]{section.4.4}{4.4\040Source-BPOR}{chapter.4}% 37
\BOOKMARK [1][-]{section.4.5}{4.5\040Challenges\040Arising\040from\040the\040addition\040of\040conservative\040branches}{chapter.4}% 38
\BOOKMARK [2][-]{subsection.4.5.1}{4.5.1\040Conservative\040Branches}{section.4.5}% 39
\BOOKMARK [2][-]{subsection.4.5.2}{4.5.2\040Sleep\040Sets}{section.4.5}% 40
\BOOKMARK [2][-]{subsection.4.5.3}{4.5.3\040The\040Performance\040-\040Soundness\040Tradeoff}{section.4.5}% 41
\BOOKMARK [0][-]{chapter.5}{5.\040Algorithms'\040Implementations}{}% 42
\BOOKMARK [1][-]{section.5.1}{5.1\040Nidhugg's\040Work\040Flow}{chapter.5}% 43
\BOOKMARK [1][-]{section.5.2}{5.2\040Branch\040addition\040in\040Nidhugg}{chapter.5}% 44
\BOOKMARK [1][-]{section.5.3}{5.3\040Implementation\040of\040Nidhugg-DPOR}{chapter.5}% 45
\BOOKMARK [1][-]{section.5.4}{5.4\040Implementation\040of\040Naive-BPOR}{chapter.5}% 46
\BOOKMARK [1][-]{section.5.5}{5.5\040Implementation\040of\040Nidhugg-BPOR}{chapter.5}% 47
\BOOKMARK [1][-]{section.5.6}{5.6\040Implementation\040of\040Source-BPOR}{chapter.5}% 48
\BOOKMARK [0][-]{chapter.6}{6.\040Evaluation\040of\040Implemented\040Algorithms}{}% 49
\BOOKMARK [1][-]{section.6.1}{6.1\040Synthetic\040Tests}{chapter.6}% 50
\BOOKMARK [1][-]{section.6.2}{6.2\040RCU}{chapter.6}% 51
\BOOKMARK [1][-]{section.6.3}{6.3\040Evaluation\040of\040Unbounded\040Algorithms}{chapter.6}% 52
\BOOKMARK [2][-]{subsection.6.3.1}{6.3.1\040Evaluation\040of\040Persistent\040sets\040on\040Synthetic\040tests}{section.6.3}% 53
\BOOKMARK [2][-]{subsection.6.3.2}{6.3.2\040Evaluation\040of\040Persistent\040sets\040on\040RCU}{section.6.3}% 54
\BOOKMARK [1][-]{section.6.4}{6.4\040Comparison\040with\040Concuerror\040results}{chapter.6}% 55
\BOOKMARK [1][-]{section.6.5}{6.5\040Evaluation\040of\040Bounding\040Techniques}{chapter.6}% 56
\BOOKMARK [2][-]{subsection.6.5.1}{6.5.1\040Evaluation\040of\040Bounding\040Techniques\040on\040Synthetic\040tests}{section.6.5}% 57
\BOOKMARK [2][-]{subsection.6.5.2}{6.5.2\040Evaluation\040of\040Bounding\040Techniques\040on\040RCU}{section.6.5}% 58
\BOOKMARK [2][-]{subsection.6.5.3}{6.5.3\040A\040known\040bug}{section.6.5}% 59
\BOOKMARK [1][-]{section.6.6}{6.6\040Equivalence\040between\040Classic-BPOR\040and\040Source-BPOR\040\(Correctness\040of\040Source-BPOR\)}{chapter.6}% 60
\BOOKMARK [0][-]{chapter.7}{7.\040Further\040Discussion\040on\040Bounding\040Problem}{}% 61
\BOOKMARK [1][-]{section.7.1}{7.1\040Techniques\040without\040the\040Addition\040of\040Conservative\040Branches}{chapter.7}% 62
\BOOKMARK [2][-]{subsection.7.1.1}{7.1.1\040Motivation}{section.7.1}% 63
\BOOKMARK [2][-]{subsection.7.1.2}{7.1.2\040An\040Algorithm\040without\040Conservative\040Branches}{section.7.1}% 64
\BOOKMARK [2][-]{subsection.7.1.3}{7.1.3\040Calculating\040Minimum\040Bound\040Count}{section.7.1}% 65
\BOOKMARK [2][-]{subsection.7.1.4}{7.1.4\040Approximating\040Bound\040Count}{section.7.1}% 66
\BOOKMARK [2][-]{subsection.7.1.5}{7.1.5\040Evaluation\040of\040Approximating\040Algorithms}{section.7.1}% 67
\BOOKMARK [2][-]{subsection.7.1.6}{7.1.6\040Implementation\040of\040Lazy-BPOR}{section.7.1}% 68
\BOOKMARK [2][-]{subsection.7.1.7}{7.1.7\040Lazy-BPOR\040-\040RCU\040Evaluation}{section.7.1}% 69
\BOOKMARK [1][-]{section.7.2}{7.2\040Conclusion}{chapter.7}% 70
\BOOKMARK [0][-]{chapter.8}{8.\040Concluding\040Remarks}{}% 71
\BOOKMARK [0][-]{chapter*.60}{Bibliography}{}% 72
\BOOKMARK [-1][-]{appendix*.61}{Appendix}{}% 73
\BOOKMARK [0][-]{appendix.A}{A.\040\040}{appendix*.61}% 74
\BOOKMARK [1][-]{section.A.1}{A.1\040Modifications\040in\040test\040suite}{appendix.A}% 75
